<?xml version="1.0" encoding="UTF-8"?>
<testsuite name="com.upbchain.pointcoin.wallet.common.util.PointcoinWalletUtilTest" tests="2" skipped="0" failures="0" errors="0" timestamp="2017-03-11T07:44:21" hostname="zhuvm-apmr-workstation" time="0.003">
  <properties/>
  <testcase name="testExtraMemberIdFromMortgageAccountName" classname="com.upbchain.pointcoin.wallet.common.util.PointcoinWalletUtilTest" time="0.003"/>
  <testcase name="testBuildMortgageDeposityAccountName" classname="com.upbchain.pointcoin.wallet.common.util.PointcoinWalletUtilTest" time="0.0"/>
  <system-out><![CDATA[]]></system-out>
  <system-err><![CDATA[]]></system-err>
</testsuite>
